<?xml version="1.0" encoding="UTF-8"?>
<!-- Generated by org.testng.reporters.JUnitReportReporter -->
<testsuite hostname="LAPTOP-AI9CD3N0" failures="0" tests="2" name="coverFoxTest.CoverFoxTC2" time="8.061" errors="0" timestamp="2024-08-20T09:12:01 IST" skipped="0">
  <testcase classname="coverFoxTest.CoverFoxTC2" name="validateBanners" time="4.034">
    <system-out>
      <![CDATA[validateBannersTC execution started
getting get plan numbers from banners
getting get plan numbers from String]]>
    </system-out>
  </testcase> <!-- validateBanners -->
  <testcase classname="coverFoxTest.CoverFoxTC2" name="validatePresenceOfSortButton" time="4.027">
    <system-out>
      <![CDATA[validatePresenceOfSortButtonTC execution started
Checking if sort plan filter is displayed]]>
    </system-out>
  </testcase> <!-- validatePresenceOfSortButton -->
  <system-out>
    <![CDATA[launching browser
Waiting...
Clicking on gender button
clicking on next button
Handling dropdown
clicking on next button
entering pin code
entering mobile number
clicking on next button
validateBannersTC execution started
getting get plan numbers from banners
getting get plan numbers from String
validatePresenceOfSortButtonTC execution started
Checking if sort plan filter is displayed
closing browser]]>
  </system-out>
</testsuite> <!-- coverFoxTest.CoverFoxTC2 -->
